This is pdfTeX, Version 3.14159265-2.6-1.40.17 (TeX Live 2016/MacPorts 2016_0) (preloaded format=pdflatex 2016.7.3)  23 AUG 2016 14:13
entering extended mode
 restricted \write18 enabled.
 %&-line parsing enabled.
**midterm-studyguide.tex
(./midterm-studyguide.tex
LaTeX2e <2016/03/31>
Babel <3.9r> and hyphenation patterns for 12 language(s) loaded.
(/opt/local/share/texmf-texlive/tex/latex/exam/exam.cls
Document Class: exam 2015/05/07 Version 2.5 by Philip Hirschhorn
(/opt/local/share/texmf-texlive/tex/latex/base/ifthen.sty
Package: ifthen 2014/09/29 v1.1c Standard LaTeX ifthen package (DPC)
)
(/opt/local/share/texmf-texlive/tex/latex/base/article.cls
Document Class: article 2014/09/29 v1.4h Standard LaTeX document class
(/opt/local/share/texmf-texlive/tex/latex/base/size10.clo
File: size10.clo 2014/09/29 v1.4h Standard LaTeX file (size option)
)
\c@part=\count79
\c@section=\count80
\c@subsection=\count81
\c@subsubsection=\count82
\c@paragraph=\count83
\c@subparagraph=\count84
\c@figure=\count85
\c@table=\count86
\abovecaptionskip=\skip41
\belowcaptionskip=\skip42
\bibindent=\dimen102
)
\@extrawidth=\skip43
\@rightmargin=\skip44
\@extrahead=\skip45
\@extrafoot=\skip46
\run@exhd=\skip47
\fp@exhd=\skip48
\run@exft=\skip49
\fp@exft=\skip50
\covrun@exhd=\skip51
\covfp@exhd=\skip52
\covrun@exft=\skip53
\covfp@exft=\skip54
\c@num@coverpages=\count87
\c@latest@ques=\count88
\c@ques@end=\count89
\c@last@object=\count90
\c@incmp@ques=\count91
\c@next@ques=\count92
\c@next@page=\count93
\c@tmp@hlfcntr=\count94
\c@ifpos@cntr=\count95
\c@question=\count96
\c@partno=\count97
\c@subpart=\count98
\c@subsubpart=\count99
\c@choice=\count100
\c@numpoints=\count101
\c@numbonuspoints=\count102
\c@pointsof@thisquestion=\count103
\c@bonuspointsof@thisquestion=\count104
\c@numquestions=\count105
\c@numparts=\count106
\c@numsubparts=\count107
\c@numsubsubparts=\count108
\c@Curr@Page=\count109
\c@@pagepoints=\count110
\c@@pagebonuspoints=\count111
\c@pageof@pagepoints=\count112
\c@pageof@pagebonuspoints=\count113
\c@latest@points=\count114
\c@latest@bonuspoints=\count115
\pageinfo@commands=\toks14
\temp@toks=\toks15
\pagepoint@commands=\toks16
\point@toks=\toks17
\c@ques@object=\count116
\marginpointssep=\skip55
\rightpointsmargin=\skip56
\choice@toks=\toks18
\answerlinelength=\skip57
\answerskip=\skip58
\answerclearance=\skip59
\fillinlinelength=\skip60
\linefillheight=\skip61
\linefillthickness=\skip62
\dottedlinefillheight=\skip63
\gridsize=\skip64
\gridlinewidth=\skip65
\minboxheight=\skip66
\c@@iterator=\count117
\@cellwidth=\skip67
\c@tbl@points=\count118
\c@tbl@bonuspoints=\count119
\c@num@cols=\count120
\exam@box=\box26
\saved@totalleftmargin=\dimen103
\@sollistdepth=\count121
\FrameRule=\dimen104
\FrameSep=\dimen105
)
(/opt/local/share/texmf-texlive/tex/latex/url/url.sty
\Urlmuskip=\muskip10
Package: url 2013/09/16  ver 3.4  Verb mode for urls, etc.
)
(/opt/local/share/texmf-texlive/tex/latex/psnfss/times.sty
Package: times 2005/04/12 PSNFSS-v9.2a (SPQR) 
)
(/opt/local/share/texmf-texlive/tex/latex/graphics/epsfig.sty
Package: epsfig 1999/02/16 v1.7a (e)psfig emulation (SPQR)

(/opt/local/share/texmf-texlive/tex/latex/graphics/graphicx.sty
Package: graphicx 2014/10/28 v1.0g Enhanced LaTeX Graphics (DPC,SPQR)

(/opt/local/share/texmf-texlive/tex/latex/graphics/keyval.sty
Package: keyval 2014/10/28 v1.15 key=value parser (DPC)
\KV@toks@=\toks19
)
(/opt/local/share/texmf-texlive/tex/latex/graphics/graphics.sty
Package: graphics 2016/05/09 v1.0r Standard LaTeX Graphics (DPC,SPQR)

(/opt/local/share/texmf-texlive/tex/latex/graphics/trig.sty
Package: trig 2016/01/03 v1.10 sin cos tan (DPC)
)
(/opt/local/share/texmf-texlive/tex/latex/graphics-cfg/graphics.cfg
File: graphics.cfg 2016/01/02 v1.10 sample graphics configuration
)
Package graphics Info: Driver file: pdftex.def on input line 96.

(/opt/local/share/texmf-texlive/tex/latex/pdftex-def/pdftex.def
File: pdftex.def 2011/05/27 v0.06d Graphics/color for pdfTeX

(/opt/local/share/texmf-texlive/tex/generic/oberdiek/infwarerr.sty
Package: infwarerr 2016/05/16 v1.4 Providing info/warning/error messages (HO)
)
(/opt/local/share/texmf-texlive/tex/generic/oberdiek/ltxcmds.sty
Package: ltxcmds 2016/05/16 v1.23 LaTeX kernel commands for general use (HO)
)
\Gread@gobject=\count122
))
\Gin@req@height=\dimen106
\Gin@req@width=\dimen107
)
\epsfxsize=\dimen108
\epsfysize=\dimen109
)
(/opt/local/share/texmf-texlive/tex/latex/listings/listings.sty
\lst@mode=\count123
\lst@gtempboxa=\box27
\lst@token=\toks20
\lst@length=\count124
\lst@currlwidth=\dimen110
\lst@column=\count125
\lst@pos=\count126
\lst@lostspace=\dimen111
\lst@width=\dimen112
\lst@newlines=\count127
\lst@lineno=\count128
\lst@maxwidth=\dimen113

(/opt/local/share/texmf-texlive/tex/latex/listings/lstmisc.sty
File: lstmisc.sty 2015/06/04 1.6 (Carsten Heinz)
\c@lstnumber=\count129
\lst@skipnumbers=\count130
\lst@framebox=\box28
)
(/opt/local/share/texmf-texlive/tex/latex/listings/listings.cfg
File: listings.cfg 2015/06/04 1.6 listings configuration
))
Package: listings 2015/06/04 1.6 (Carsten Heinz)

(/opt/local/share/texmf-texlive/tex/latex/mathtools/mathtools.sty
Package: mathtools 2015/11/12 v1.18 mathematical typesetting tools

(/opt/local/share/texmf-texlive/tex/latex/tools/calc.sty
Package: calc 2014/10/28 v4.3 Infix arithmetic (KKT,FJ)
\calc@Acount=\count131
\calc@Bcount=\count132
\calc@Adimen=\dimen114
\calc@Bdimen=\dimen115
\calc@Askip=\skip68
\calc@Bskip=\skip69
LaTeX Info: Redefining \setlength on input line 80.
LaTeX Info: Redefining \addtolength on input line 81.
\calc@Ccount=\count133
\calc@Cskip=\skip70
)
(/opt/local/share/texmf-texlive/tex/latex/mathtools/mhsetup.sty
Package: mhsetup 2010/01/21 v1.2a programming setup (MH)
)
(/opt/local/share/texmf-texlive/tex/latex/amsmath/amsmath.sty
Package: amsmath 2016/03/10 v2.15b AMS math features
\@mathmargin=\skip71

For additional information on amsmath, use the `?' option.
(/opt/local/share/texmf-texlive/tex/latex/amsmath/amstext.sty
Package: amstext 2000/06/29 v2.01 AMS text

(/opt/local/share/texmf-texlive/tex/latex/amsmath/amsgen.sty
File: amsgen.sty 1999/11/30 v2.0 generic functions
\@emptytoks=\toks21
\ex@=\dimen116
))
(/opt/local/share/texmf-texlive/tex/latex/amsmath/amsbsy.sty
Package: amsbsy 1999/11/29 v1.2d Bold Symbols
\pmbraise@=\dimen117
)
(/opt/local/share/texmf-texlive/tex/latex/amsmath/amsopn.sty
Package: amsopn 2016/03/08 v2.02 operator names
)
\inf@bad=\count134
LaTeX Info: Redefining \frac on input line 199.
\uproot@=\count135
\leftroot@=\count136
LaTeX Info: Redefining \overline on input line 297.
\classnum@=\count137
\DOTSCASE@=\count138
LaTeX Info: Redefining \ldots on input line 394.
LaTeX Info: Redefining \dots on input line 397.
LaTeX Info: Redefining \cdots on input line 518.
\Mathstrutbox@=\box29
\strutbox@=\box30
\big@size=\dimen118
LaTeX Font Info:    Redeclaring font encoding OML on input line 634.
LaTeX Font Info:    Redeclaring font encoding OMS on input line 635.
\macc@depth=\count139
\c@MaxMatrixCols=\count140
\dotsspace@=\muskip11
\c@parentequation=\count141
\dspbrk@lvl=\count142
\tag@help=\toks22
\row@=\count143
\column@=\count144
\maxfields@=\count145
\andhelp@=\toks23
\eqnshift@=\dimen119
\alignsep@=\dimen120
\tagshift@=\dimen121
\tagwidth@=\dimen122
\totwidth@=\dimen123
\lineht@=\dimen124
\@envbody=\toks24
\multlinegap=\skip72
\multlinetaggap=\skip73
\mathdisplay@stack=\toks25
LaTeX Info: Redefining \[ on input line 2739.
LaTeX Info: Redefining \] on input line 2740.
)
LaTeX Info: Thecontrolsequence`\('isalreadyrobust on input line 129.
LaTeX Info: Thecontrolsequence`\)'isalreadyrobust on input line 129.
LaTeX Info: Thecontrolsequence`\['isalreadyrobust on input line 129.
LaTeX Info: Thecontrolsequence`\]'isalreadyrobust on input line 129.
\g_MT_multlinerow_int=\count146
\l_MT_multwidth_dim=\dimen125
\origjot=\skip74
\l_MT_shortvdotswithinadjustabove_dim=\dimen126
\l_MT_shortvdotswithinadjustbelow_dim=\dimen127
\l_MT_above_intertext_sep=\dimen128
\l_MT_below_intertext_sep=\dimen129
\l_MT_above_shortintertext_sep=\dimen130
\l_MT_below_shortintertext_sep=\dimen131
)
(./midterm-studyguide.aux)
\openout1 = `midterm-studyguide.aux'.

LaTeX Font Info:    Checking defaults for OML/cmm/m/it on input line 23.
LaTeX Font Info:    ... okay on input line 23.
LaTeX Font Info:    Checking defaults for T1/cmr/m/n on input line 23.
LaTeX Font Info:    ... okay on input line 23.
LaTeX Font Info:    Checking defaults for OT1/cmr/m/n on input line 23.
LaTeX Font Info:    ... okay on input line 23.
LaTeX Font Info:    Checking defaults for OMS/cmsy/m/n on input line 23.
LaTeX Font Info:    ... okay on input line 23.
LaTeX Font Info:    Checking defaults for OMX/cmex/m/n on input line 23.
LaTeX Font Info:    ... okay on input line 23.
LaTeX Font Info:    Checking defaults for U/cmr/m/n on input line 23.
LaTeX Font Info:    ... okay on input line 23.
LaTeX Font Info:    Try loading font information for OT1+ptm on input line 23.

(/opt/local/share/texmf-texlive/tex/latex/psnfss/ot1ptm.fd
File: ot1ptm.fd 2001/06/04 font definitions for OT1/ptm.
)
(/opt/local/share/texmf-texlive/tex/context/base/mkii/supp-pdf.mkii
[Loading MPS to PDF converter (version 2006.09.02).]
\scratchcounter=\count147
\scratchdimen=\dimen132
\scratchbox=\box31
\nofMPsegments=\count148
\nofMParguments=\count149
\everyMPshowfont=\toks26
\MPscratchCnt=\count150
\MPscratchDim=\dimen133
\MPnumerator=\count151
\makeMPintoPDFobject=\count152
\everyMPtoPDFconversion=\toks27
) (/opt/local/share/texmf-texlive/tex/generic/oberdiek/pdftexcmds.sty
Package: pdftexcmds 2016/05/10 v0.21 Utility functions of pdfTeX for LuaTeX (HO
)

(/opt/local/share/texmf-texlive/tex/generic/oberdiek/ifluatex.sty
Package: ifluatex 2016/05/16 v1.4 Provides the ifluatex switch (HO)
Package ifluatex Info: LuaTeX not detected.
)
(/opt/local/share/texmf-texlive/tex/generic/oberdiek/ifpdf.sty
Package: ifpdf 2016/05/14 v3.1 Provides the ifpdf switch
)
Package pdftexcmds Info: LuaTeX not detected.
Package pdftexcmds Info: \pdf@primitive is available.
Package pdftexcmds Info: \pdf@ifprimitive is available.
Package pdftexcmds Info: \pdfdraftmode found.
)
(/opt/local/share/texmf-texlive/tex/latex/oberdiek/epstopdf-base.sty
Package: epstopdf-base 2016/05/15 v2.6 Base part for package epstopdf

(/opt/local/share/texmf-texlive/tex/latex/oberdiek/grfext.sty
Package: grfext 2016/05/16 v1.2 Manage graphics extensions (HO)

(/opt/local/share/texmf-texlive/tex/generic/oberdiek/kvdefinekeys.sty
Package: kvdefinekeys 2016/05/16 v1.4 Define keys (HO)
))
(/opt/local/share/texmf-texlive/tex/latex/oberdiek/kvoptions.sty
Package: kvoptions 2016/05/16 v3.12 Key value format for package options (HO)

(/opt/local/share/texmf-texlive/tex/generic/oberdiek/kvsetkeys.sty
Package: kvsetkeys 2016/05/16 v1.17 Key value parser (HO)

(/opt/local/share/texmf-texlive/tex/generic/oberdiek/etexcmds.sty
Package: etexcmds 2016/05/16 v1.6 Avoid name clashes with e-TeX commands (HO)
Package etexcmds Info: Could not find \expanded.
(etexcmds)             That can mean that you are not using pdfTeX 1.50 or
(etexcmds)             that some package has redefined \expanded.
(etexcmds)             In the latter case, load this package earlier.
)))
Package grfext Info: Graphics extension search list:
(grfext)             [.png,.pdf,.jpg,.mps,.jpeg,.jbig2,.jb2,.PNG,.PDF,.JPG,.JPE
G,.JBIG2,.JB2,.eps]
(grfext)             \AppendGraphicsExtensions on input line 456.

(/opt/local/share/texmf-texlive/tex/latex/latexconfig/epstopdf-sys.cfg
File: epstopdf-sys.cfg 2010/07/13 v1.3 Configuration of (r)epstopdf for TeX Liv
e
))
\c@lstlisting=\count153
LaTeX Font Info:    Font shape `OT1/ptm/bx/n' in size <14.4> not available
(Font)              Font shape `OT1/ptm/b/n' tried instead on input line 28.

Underfull \hbox (badness 10000) in paragraph at lines 31--32

 []

LaTeX Font Info:    Try loading font information for OMS+ptm on input line 35.
(/opt/local/share/texmf-texlive/tex/latex/psnfss/omsptm.fd
File: omsptm.fd 
)
LaTeX Font Info:    Font shape `OMS/ptm/m/n' in size <12> not available
(Font)              Font shape `OMS/cmsy/m/n' tried instead on input line 35.
LaTeX Font Info:    Font shape `OT1/ptm/bx/n' in size <12> not available
(Font)              Font shape `OT1/ptm/b/n' tried instead on input line 41.
 [1

{/opt/local/var/db/texmf/fonts/map/pdftex/updmap/pdftex.map}] [1]
LaTeX Font Info:    Font shape `OT1/ptm/bx/n' in size <10> not available
(Font)              Font shape `OT1/ptm/b/n' tried instead on input line 58.
LaTeX Font Info:    Try loading font information for OT1+pcr on input line 118.


(/opt/local/share/texmf-texlive/tex/latex/psnfss/ot1pcr.fd
File: ot1pcr.fd 2001/06/04 font definitions for OT1/pcr.
) [2] [3] [4]
[5] [6] [7]
LaTeX Font Info:    Font shape `OMS/ptm/m/n' in size <10> not available
(Font)              Font shape `OMS/cmsy/m/n' tried instead on input line 380.
 [8] [9]
Underfull \hbox (badness 10000) in paragraph at lines 535--536

 []


Overfull \hbox (8.15463pt too wide) in paragraph at lines 538--539
[]\OT1/ptm/m/n/10 (1 points) $\OT1/pcr/m/n/10 http : / / www . bank . com / ?to
 _ username = malory & transaction _ type = transfer & amount =
 []

[10] [11] [12] [13] [14]
Overfull \hbox (30.32082pt too wide) in paragraph at lines 747--748
[]\OT1/ptm/m/n/10 Why would one want to use a call-back shell(4.2.10) as the pa
y-load in-stead of a reg-u-lar shell(shellcode.py)? 
 []

[15]
This exam contains 7 questions with 48 parts, 2 subparts, and 0 subsubparts.
This exam has a total of 105 points.
This exam has a total of 0 bonus points.
(./midterm-studyguide.aux) ) 
Here is how much of TeX's memory you used:
 5280 strings out of 494399
 75474 string characters out of 6172213
 187707 words of memory out of 5000000
 8530 multiletter control sequences out of 15000+600000
 17141 words of font info for 37 fonts, out of 8000000 for 9000
 450 hyphenation exceptions out of 8191
 38i,13n,32p,472b,1134s stack positions out of 5000i,500n,10000p,200000b,80000s
{/opt/local/share/texmf-texlive/fonts/enc/dvips/bas
e/8r.enc}</opt/local/share/texmf-texlive/fonts/type1/public/amsfonts/cm/cmmi10.
pfb></opt/local/share/texmf-texlive/fonts/type1/public/amsfonts/cm/cmmi5.pfb></
opt/local/share/texmf-texlive/fonts/type1/public/amsfonts/cm/cmmi7.pfb></opt/lo
cal/share/texmf-texlive/fonts/type1/public/amsfonts/cm/cmr10.pfb></opt/local/sh
are/texmf-texlive/fonts/type1/public/amsfonts/cm/cmsy10.pfb></opt/local/share/t
exmf-texlive/fonts/type1/public/amsfonts/cm/cmsy7.pfb></opt/local/share/texmf-t
exlive/fonts/type1/urw/courier/ucrr8a.pfb></opt/local/share/texmf-texlive/fonts
/type1/urw/times/utmb8a.pfb></opt/local/share/texmf-texlive/fonts/type1/urw/tim
es/utmr8a.pfb></opt/local/share/texmf-texlive/fonts/type1/urw/times/utmri8a.pfb
>
Output written on midterm-studyguide.pdf (16 pages, 136002 bytes).
PDF statistics:
 97 PDF objects out of 1000 (max. 8388607)
 68 compressed objects within 1 object stream
 0 named destinations out of 1000 (max. 500000)
 1 words of extra memory for PDF output out of 10000 (max. 10000000)

